<!DOCTYPE HTML PUBLIC "-//W3C//DTD HTML 4.01 Transitional//EN" "http://www.w3.org/TR/html4/loose.dtd">
<html>
<head>
<title>Log4J Log Messages</title>
<style type="text/css">
<!--
body, table {font-family: arial,sans-serif; font-size: x-small;}
th {background: #336699; color: #FFFFFF; text-align: left;}
-->
</style>
</head>
<body bgcolor="#FFFFFF" topmargin="6" leftmargin="6">
<hr size="1" noshade>
Log session start time Mon Apr 29 14:42:00 IST 2024<br>
<br>
<table cellspacing="0" cellpadding="4" border="1" bordercolor="#224466" width="100%">
<tr>
<th>Time</th>
<th>Thread</th>
<th>Level</th>
<th>Category</th>
<th>Message</th>
</tr>

<tr>
<td>2744</td>
<td title="main thread">main</td>
<td title="Level">INFO</td>
<td title="com.example.AppTest category">com.example.AppTest</td>
<td title="Message">Tests Executed!!!</td>
</tr>

<tr>
<td>6310</td>
<td title="main thread">main</td>
<td title="Level">INFO</td>
<td title="com.example.AppTest category">com.example.AppTest</td>
<td title="Message">URL is being opened!!!</td>
</tr>

<tr>
<td>109547</td>
<td title="main thread">main</td>
<td title="Level">INFO</td>
<td title="com.example.AppTest category">com.example.AppTest</td>
<td title="Message">Successfully opened!</td>
</tr>
</table>
<br>
</body></html><!DOCTYPE HTML PUBLIC "-//W3C//DTD HTML 4.01 Transitional//EN" "http://www.w3.org/TR/html4/loose.dtd">
<html>
<head>
<title>Log4J Log Messages</title>
<style type="text/css">
<!--
body, table {font-family: arial,sans-serif; font-size: x-small;}
th {background: #336699; color: #FFFFFF; text-align: left;}
-->
</style>
</head>
<body bgcolor="#FFFFFF" topmargin="6" leftmargin="6">
<hr size="1" noshade>
Log session start time Mon Apr 29 14:43:49 IST 2024<br>
<br>
<table cellspacing="0" cellpadding="4" border="1" bordercolor="#224466" width="100%">
<tr>
<th>Time</th>
<th>Thread</th>
<th>Level</th>
<th>Category</th>
<th>Message</th>
</tr>

<tr>
<td>157807</td>
<td title="main thread">main</td>
<td title="Level">INFO</td>
<td title="com.example.AppTest category">com.example.AppTest</td>
<td title="Message">Tests Executed!!!</td>
</tr>

<tr>
<td>159066</td>
<td title="main thread">main</td>
<td title="Level">INFO</td>
<td title="com.example.AppTest category">com.example.AppTest</td>
<td title="Message">URL is being opened!!!</td>
</tr>

<tr>
<td>251330</td>
<td title="main thread">main</td>
<td title="Level">INFO</td>
<td title="com.example.AppTest category">com.example.AppTest</td>
<td title="Message">Successfully opened!</td>
</tr>
</table>
<br>
</body></html><!DOCTYPE HTML PUBLIC "-//W3C//DTD HTML 4.01 Transitional//EN" "http://www.w3.org/TR/html4/loose.dtd">
<html>
<head>
<title>Log4J Log Messages</title>
<style type="text/css">
<!--
body, table {font-family: arial,sans-serif; font-size: x-small;}
th {background: #336699; color: #FFFFFF; text-align: left;}
-->
</style>
</head>
<body bgcolor="#FFFFFF" topmargin="6" leftmargin="6">
<hr size="1" noshade>
Log session start time Mon Apr 29 14:46:11 IST 2024<br>
<br>
<table cellspacing="0" cellpadding="4" border="1" bordercolor="#224466" width="100%">
<tr>
<th>Time</th>
<th>Thread</th>
<th>Level</th>
<th>Category</th>
<th>Message</th>
</tr>

<tr>
<td>254445</td>
<td title="main thread">main</td>
<td title="Level">INFO</td>
<td title="com.example.AppTest category">com.example.AppTest</td>
<td title="Message">Tests Executed!!!</td>
</tr>
